20100316040359 0 About to connect() to 200.43.89.2 port 21 (#0)
20100316040359 0   Trying 200.43.89.2... 
20100316040359 0 connected
20100316040359 0 Connected to 200.43.89.2 (200.43.89.2) port 21 (#0)
20100316040359 1 220 FTP Server ready...
20100316040359 2 USER maka
20100316040359 1 331 Password required for maka.
20100316040359 2 PASS ********
20100316040359 1 230 User maka logged in.
20100316040359 2 PWD
20100316040359 1 257 "/" is current directory.
20100316040359 0 Entry path is '/'
20100316040359 0 Remembering we are in dir ""
20100316040359 2 FEAT
20100316040359 1 211-Extensions supported:
20100316040359 1  AUTH TLS
20100316040359 1  PBSZ
20100316040359 1  PROT
20100316040359 1  CLNT
20100316040359 1  MDTM
20100316040359 1  MLST type*;size*;created;modify*;
20100316040359 1  MODE Z
20100316040359 1  PASV
20100316040359 1  REST STREAM
20100316040359 1  SIZE
20100316040359 1  SSCN
20100316040359 1  TVFS
20100316040359 1  UTF8
20100316040359 1  XCRC "filename" SP EP
20100316040359 1  XMD5 "filename" SP EP
20100316040359 1 211 End.
20100316040359 0 Connection #0 to host 200.43.89.2 left intact
20100316040507 2 QUIT
20100316040507 1 221 Goodbye.
20100316040507 0 Closing connection #0
20100316040517 0 About to connect() to 127.0.0.1 port 21 (#0)
20100316040517 0   Trying 127.0.0.1... 
20100316040517 0 connected
20100316040517 0 Connected to 127.0.0.1 (127.0.0.1) port 21 (#0)
20100316040518 1 220-FileZilla Server version 0.9.34 beta
20100316040518 1 220-written by Tim Kosse (Tim.Kosse@gmx.de)
20100316040518 1 220 Please visit http://sourceforge.net/projects/filezilla/
20100316040518 2 USER maka
20100316040518 1 331 Password required for maka
20100316040518 2 PASS ********
20100316040518 1 230 Logged on
20100316040518 2 PWD
20100316040518 1 257 "/" is current directory.
20100316040518 0 Entry path is '/'
20100316040518 0 Remembering we are in dir ""
20100316040518 2 FEAT
20100316040518 1 211-Features:
20100316040518 1  MDTM
20100316040518 1  REST STREAM
20100316040518 1  SIZE
20100316040518 1  MLST type*;size*;modify*;
20100316040518 1  MLSD
20100316040518 1  UTF8
20100316040518 1  CLNT
20100316040518 1  MFMT
20100316040518 1 211 End
20100316040518 0 Connection #0 to host 127.0.0.1 left intact
20100316040906 2 QUIT
20100316040906 0 Closing connection #0
20100316041214 0 About to connect() to 127.0.0.1 port 21 (#0)
20100316041214 0   Trying 127.0.0.1... 
20100316041214 0 connected
20100316041214 0 Connected to 127.0.0.1 (127.0.0.1) port 21 (#0)
20100316041214 1 220-FileZilla Server version 0.9.34 beta
20100316041214 1 220-written by Tim Kosse (Tim.Kosse@gmx.de)
20100316041214 1 220 Please visit http://sourceforge.net/projects/filezilla/
20100316041214 2 USER maka
20100316041214 1 331 Password required for maka
20100316041214 2 PASS ********
20100316041214 1 230 Logged on
20100316041214 2 PWD
20100316041214 1 257 "/" is current directory.
20100316041214 0 Entry path is '/'
20100316041214 2 EPSV
20100316041214 0 Connect data stream passively
20100316041214 1 229 Entering Extended Passive Mode (|||1218|)
20100316041214 0   Trying 127.0.0.1... 
20100316041214 0 connected
20100316041214 0 Connecting to 127.0.0.1 (127.0.0.1) port 1218
20100316041214 2 TYPE A
20100316041214 1 200 Type set to A
20100316041214 2 LIST
20100316041214 1 150 Connection accepted
20100316041214 0 Maxdownload = -1
20100316041214 3 CURLINFO_DATA_IN
20100316041214 0 Remembering we are in dir ""
20100316041214 1 226 Transfer OK
20100316041214 0 Connection #0 to host 127.0.0.1 left intact
20100316041227 2 QUIT
20100316041227 1 221 Goodbye
20100316041227 0 Closing connection #0
20100316041738 0 About to connect() to 127.0.0.1 port 21 (#0)
20100316041738 0   Trying 127.0.0.1... 
20100316041738 0 connected
20100316041738 0 Connected to 127.0.0.1 (127.0.0.1) port 21 (#0)
20100316041738 1 220-FileZilla Server version 0.9.34 beta
20100316041738 1 220-written by Tim Kosse (Tim.Kosse@gmx.de)
20100316041738 1 220 Please visit http://sourceforge.net/projects/filezilla/
20100316041738 2 USER maka
20100316041738 1 331 Password required for maka
20100316041738 2 PASS ********
20100316041738 1 230 Logged on
20100316041738 2 PWD
20100316041738 1 257 "/" is current directory.
20100316041738 0 Entry path is '/'
20100316041738 2 EPSV
20100316041738 0 Connect data stream passively
20100316041738 1 229 Entering Extended Passive Mode (|||3227|)
20100316041738 0   Trying 127.0.0.1... 
20100316041738 0 connected
20100316041738 0 Connecting to 127.0.0.1 (127.0.0.1) port 3227
20100316041738 2 TYPE A
20100316041738 1 200 Type set to A
20100316041738 2 LIST
20100316041738 1 150 Connection accepted
20100316041738 0 Maxdownload = -1
20100316041738 3 CURLINFO_DATA_IN
20100316041738 0 Remembering we are in dir ""
20100316041738 1 226 Transfer OK
20100316041738 0 Connection #0 to host 127.0.0.1 left intact
20100316041747 0 Re-using existing connection! (#0) with host 127.0.0.1
20100316041747 0 Connected to 127.0.0.1 (127.0.0.1) port 21 (#0)
20100316041747 0 Request has same path as previous transfer
20100316041747 2 EPSV
20100316041747 0 Connect data stream passively
20100316041747 1 229 Entering Extended Passive Mode (|||3284|)
20100316041747 0   Trying 127.0.0.1... 
20100316041747 0 connected
20100316041747 0 Connecting to 127.0.0.1 (127.0.0.1) port 3284
20100316041747 2 LIST
20100316041747 1 150 Connection accepted
20100316041747 0 Maxdownload = -1
20100316041747 3 CURLINFO_DATA_IN
20100316041747 0 Remembering we are in dir ""
20100316041747 1 226 Transfer OK
20100316041747 0 Connection #0 to host 127.0.0.1 left intact
20100316041817 2 QUIT
20100316041817 1 221 Goodbye
20100316041817 0 Closing connection #0
20100316041852 0 About to connect() to 200.43.89.2 port 21 (#0)
20100316041852 0   Trying 200.43.89.2... 
20100316041852 0 connected
20100316041852 0 Connected to 200.43.89.2 (200.43.89.2) port 21 (#0)
20100316041852 1 220 FTP Server ready...
20100316041852 2 USER maka
20100316041852 1 331 Password required for maka.
20100316041852 2 PASS ********
20100316041852 1 230 User maka logged in.
20100316041852 2 PWD
20100316041852 1 257 "/" is current directory.
20100316041852 0 Entry path is '/'
20100316041852 2 EPSV
20100316041852 0 Connect data stream passively
20100316041852 1 229 Entering Extended Passive Mode (|||24294|)
20100316041852 0   Trying 200.43.89.2... 
20100316041852 0 connected
20100316041852 0 Connecting to 200.43.89.2 (200.43.89.2) port 24294
20100316041852 2 TYPE A
20100316041853 1 200 Type set to A.
20100316041853 2 LIST
20100316041853 1 150 Data connection accepted from 190.226.125.207:3693; transfer starting.
20100316041853 0 Maxdownload = -1
20100316041853 3 CURLINFO_DATA_IN
20100316041853 0 Remembering we are in dir ""
20100316041853 1 226 Transfer ok.
20100316041853 0 Connection #0 to host 200.43.89.2 left intact
20100316041923 2 QUIT
20100316041923 1 221 Goodbye.
20100316041923 0 Closing connection #0
20100316041933 0 About to connect() to 200.43.89.2 port 21 (#0)
20100316041933 0   Trying 200.43.89.2... 
20100316041934 0 connected
20100316041934 0 Connected to 200.43.89.2 (200.43.89.2) port 21 (#0)
20100316041934 1 220 FTP Server ready...
20100316041934 2 USER maka
20100316041934 1 331 Password required for maka.
20100316041934 2 PASS ********
20100316041934 1 230 User maka logged in.
20100316041934 2 PWD
20100316041934 1 257 "/" is current directory.
20100316041934 0 Entry path is '/'
20100316041934 2 EPSV
20100316041934 0 Connect data stream passively
20100316041934 1 229 Entering Extended Passive Mode (|||25962|)
20100316041934 0   Trying 200.43.89.2... 
20100316041934 0 connected
20100316041934 0 Connecting to 200.43.89.2 (200.43.89.2) port 25962
20100316041934 2 TYPE A
20100316041934 1 200 Type set to A.
20100316041934 2 MLSD
20100316041934 1 150 Data connection accepted from 190.226.125.207:3960; transfer starting.
20100316041934 0 Maxdownload = -1
20100316041934 3 CURLINFO_DATA_IN
20100316041934 0 Remembering we are in dir ""
20100316041934 1 226 Transfer ok.
20100316041934 0 Connection #0 to host 200.43.89.2 left intact
20100316042704 2 QUIT
20100316042704 1 221 Goodbye.
20100316042704 0 Closing connection #0
